<?xml version="1.0" encoding="UTF-8"?>
<testsuite xmlns:xsi="http://www.w3.org/2001/XMLSchema-instance" xsi:noNamespaceSchemaLocation="https://maven.apache.org/surefire/maven-surefire-plugin/xsd/surefire-test-report-3.0.xsd" version="3.0" name="edu.drexel.cs3585.PieceTest" time="0" tests="7" errors="0" skipped="0" failures="0">
  <properties>
    <property name="sun.desktop" value="windows"/>
    <property name="awt.toolkit" value="sun.awt.windows.WToolkit"/>
    <property name="java.specification.version" value="11"/>
    <property name="sun.cpu.isalist" value="amd64"/>
    <property name="sun.jnu.encoding" value="Cp1252"/>
    <property name="java.class.path" value="C:\Users\cmsho\documents\mavenprojects\chess\target\test-classes;C:\Users\cmsho\documents\mavenprojects\chess\target\classes;C:\Users\cmsho\.m2\repository\org\junit\jupiter\junit-jupiter-engine\5.5.1\junit-jupiter-engine-5.5.1.jar;C:\Users\cmsho\.m2\repository\org\apiguardian\apiguardian-api\1.1.0\apiguardian-api-1.1.0.jar;C:\Users\cmsho\.m2\repository\org\junit\platform\junit-platform-engine\1.5.1\junit-platform-engine-1.5.1.jar;C:\Users\cmsho\.m2\repository\org\opentest4j\opentest4j\1.2.0\opentest4j-1.2.0.jar;C:\Users\cmsho\.m2\repository\org\junit\platform\junit-platform-commons\1.5.1\junit-platform-commons-1.5.1.jar;C:\Users\cmsho\.m2\repository\org\junit\jupiter\junit-jupiter-api\5.5.1\junit-jupiter-api-5.5.1.jar;C:\Users\cmsho\.m2\repository\org\junit\platform\junit-platform-runner\1.5.1\junit-platform-runner-1.5.1.jar;C:\Users\cmsho\.m2\repository\junit\junit\4.12\junit-4.12.jar;C:\Users\cmsho\.m2\repository\org\hamcrest\hamcrest-core\1.3\hamcrest-core-1.3.jar;C:\Users\cmsho\.m2\repository\org\junit\platform\junit-platform-launcher\1.5.1\junit-platform-launcher-1.5.1.jar;C:\Users\cmsho\.m2\repository\org\junit\platform\junit-platform-suite-api\1.5.1\junit-platform-suite-api-1.5.1.jar;"/>
    <property name="java.vm.vendor" value="Oracle Corporation"/>
    <property name="sun.arch.data.model" value="64"/>
    <property name="user.variant" value=""/>
    <property name="java.vendor.url" value="http://java.oracle.com/"/>
    <property name="user.timezone" value="America/New_York"/>
    <property name="java.vm.specification.version" value="11"/>
    <property name="os.name" value="Windows 10"/>
    <property name="sun.java.launcher" value="SUN_STANDARD"/>
    <property name="user.country" value="US"/>
    <property name="sun.boot.library.path" value="C:\Program Files\Java\jdk-11.0.6\bin"/>
    <property name="sun.java.command" value="C:\Users\cmsho\AppData\Local\Temp\surefire12642912413350733496\surefirebooter10399896649544594521.jar C:\Users\cmsho\AppData\Local\Temp\surefire12642912413350733496 2021-03-14T11-15-07_780-jvmRun1 surefire2779318788279996345tmp surefire_09114402133458523467tmp"/>
    <property name="jdk.debug" value="release"/>
    <property name="surefire.test.class.path" value="C:\Users\cmsho\documents\mavenprojects\chess\target\test-classes;C:\Users\cmsho\documents\mavenprojects\chess\target\classes;C:\Users\cmsho\.m2\repository\org\junit\jupiter\junit-jupiter-engine\5.5.1\junit-jupiter-engine-5.5.1.jar;C:\Users\cmsho\.m2\repository\org\apiguardian\apiguardian-api\1.1.0\apiguardian-api-1.1.0.jar;C:\Users\cmsho\.m2\repository\org\junit\platform\junit-platform-engine\1.5.1\junit-platform-engine-1.5.1.jar;C:\Users\cmsho\.m2\repository\org\opentest4j\opentest4j\1.2.0\opentest4j-1.2.0.jar;C:\Users\cmsho\.m2\repository\org\junit\platform\junit-platform-commons\1.5.1\junit-platform-commons-1.5.1.jar;C:\Users\cmsho\.m2\repository\org\junit\jupiter\junit-jupiter-api\5.5.1\junit-jupiter-api-5.5.1.jar;C:\Users\cmsho\.m2\repository\org\junit\platform\junit-platform-runner\1.5.1\junit-platform-runner-1.5.1.jar;C:\Users\cmsho\.m2\repository\junit\junit\4.12\junit-4.12.jar;C:\Users\cmsho\.m2\repository\org\hamcrest\hamcrest-core\1.3\hamcrest-core-1.3.jar;C:\Users\cmsho\.m2\repository\org\junit\platform\junit-platform-launcher\1.5.1\junit-platform-launcher-1.5.1.jar;C:\Users\cmsho\.m2\repository\org\junit\platform\junit-platform-suite-api\1.5.1\junit-platform-suite-api-1.5.1.jar;"/>
    <property name="sun.cpu.endian" value="little"/>
    <property name="user.home" value="C:\Users\cmsho"/>
    <property name="user.language" value="en"/>
    <property name="java.specification.vendor" value="Oracle Corporation"/>
    <property name="java.version.date" value="2020-01-14"/>
    <property name="java.home" value="C:\Program Files\Java\jdk-11.0.6"/>
    <property name="file.separator" value="\"/>
    <property name="basedir" value="C:\Users\cmsho\documents\mavenprojects\chess"/>
    <property name="java.vm.compressedOopsMode" value="Zero based"/>
    <property name="line.separator" value="&#10;"/>
    <property name="java.specification.name" value="Java Platform API Specification"/>
    <property name="java.vm.specification.vendor" value="Oracle Corporation"/>
    <property name="java.awt.graphicsenv" value="sun.awt.Win32GraphicsEnvironment"/>
    <property name="surefire.real.class.path" value="C:\Users\cmsho\AppData\Local\Temp\surefire12642912413350733496\surefirebooter10399896649544594521.jar"/>
    <property name="user.script" value=""/>
    <property name="sun.management.compiler" value="HotSpot 64-Bit Tiered Compilers"/>
    <property name="java.runtime.version" value="11.0.6+8-LTS"/>
    <property name="user.name" value="cmsho"/>
    <property name="path.separator" value=";"/>
    <property name="os.version" value="10.0"/>
    <property name="java.runtime.name" value="Java(TM) SE Runtime Environment"/>
    <property name="file.encoding" value="Cp1252"/>
    <property name="java.vm.name" value="Java HotSpot(TM) 64-Bit Server VM"/>
    <property name="java.vendor.version" value="18.9"/>
    <property name="localRepository" value="C:\Users\cmsho\.m2\repository"/>
    <property name="java.vendor.url.bug" value="http://bugreport.java.com/bugreport/"/>
    <property name="java.io.tmpdir" value="C:\Users\cmsho\AppData\Local\Temp\"/>
    <property name="java.version" value="11.0.6"/>
    <property name="user.dir" value="C:\Users\cmsho\documents\mavenprojects\chess"/>
    <property name="os.arch" value="amd64"/>
    <property name="java.vm.specification.name" value="Java Virtual Machine Specification"/>
    <property name="java.awt.printerjob" value="sun.awt.windows.WPrinterJob"/>
    <property name="sun.os.patch.level" value=""/>
    <property name="java.library.path" value="C:\Program Files\Java\jdk-11.0.6\bin;C:\WINDOWS\Sun\Java\bin;C:\WINDOWS\system32;C:\WINDOWS;C:\Users\cmsho\bin;C:\Program Files\Git\mingw64\bin;C:\Program Files\Git\usr\local\bin;C:\Program Files\Git\usr\bin;C:\Program Files\Git\usr\bin;C:\Program Files\Git\mingw64\bin;C:\Program Files\Git\usr\bin;C:\Users\cmsho\bin;C:\Python38\Scripts;C:\Python38;C:\Program Files (x86)\Python38-32\Scripts;C:\Program Files (x86)\Python38-32;C:\Python27;C:\Python27\Scripts;C:\WINDOWS\system32;C:\WINDOWS;C:\WINDOWS\System32\Wbem;C:\Program Files\Ant\bin;C:\Program Files\Java\jdk-11.0.6\bin;C:\Program Files\log4j;C:\Program Files\Maven\bin;%MAVEN_HOME%\bin;C:\WINDOWS\System32\WindowsPowerShell\v1.0;C:\WINDOWS\System32\OpenSSH;C:\Program Files\MiKTeX 2.9\miktex\bin\x64;C:\Program Files\PuTTY;C:\Program Files\PostgreSQL\11\bin;C:\Program Files\Git\cmd;C:\Go\bin;C:\Program Files\nodejs;C:\ProgramData\chocolatey\bin;C:\Program Files\Sublime Text 3;C:\Users\cmsho\Anaconda3\condabin;C:\&gt;sqlite;C:\Gradle\gradle-6.2.2\bin;C:\MinGW\bin;C:\Program Files\NVIDIA Corporation\NVIDIA NvDLISR;C:\Program Files (x86)\NVIDIA Corporation\PhysX\Common;C:\Program Files\Docker\Docker\resources\bin;C:\ProgramData\DockerDesktop\version-bin;C:\PyPy\pypy3.7;C:\WINDOWS\system32;C:\WINDOWS;C:\WINDOWS\System32\Wbem;C:\WINDOWS\System32\WindowsPowerShell\v1.0;C:\WINDOWS\System32\OpenSSH;C:\Users\cmsho\AppData\Local\Microsoft\WindowsApps;C:\Program Files\Java\jdk1.8.0_211\bin;C:\Program Files\JetBrains\IntelliJ IDEA 2019.2.2\bin;C:\Users\cmsho\AppData\Local\atom\bin;C:\Users\cmsho\AppData\Local\Programs\Microsoft VS Code\bin;C:\Users\cmsho\go\bin;C:\Users\cmsho\AppData\Roaming\npm;C:\Users\cmsho\AppData\Local\GitHubDesktop\bin;C:\SQLite;%USERPROFILE%\AppData\Local\Microsoft\WindowsApps;C:\Program Files\Git\usr\bin\vendor_perl;C:\Program Files\Git\usr\bin\core_perl;."/>
    <property name="java.vendor" value="Oracle Corporation"/>
    <property name="java.vm.info" value="mixed mode"/>
    <property name="java.vm.version" value="11.0.6+8-LTS"/>
    <property name="sun.io.unicode.encoding" value="UnicodeLittle"/>
    <property name="java.class.version" value="55.0"/>
  </properties>
  <testcase name="testQueen" classname="edu.drexel.cs3585.PieceTest" time="0"/>
  <testcase name="testKing" classname="edu.drexel.cs3585.PieceTest" time="0"/>
  <testcase name="testRook" classname="edu.drexel.cs3585.PieceTest" time="0"/>
  <testcase name="testWhitePawn" classname="edu.drexel.cs3585.PieceTest" time="0"/>
  <testcase name="testBishop" classname="edu.drexel.cs3585.PieceTest" time="0"/>
  <testcase name="testKnight" classname="edu.drexel.cs3585.PieceTest" time="0"/>
  <testcase name="testBlackPawn" classname="edu.drexel.cs3585.PieceTest" time="0"/>
</testsuite>